Using pre-set license
Built from '2020.2/staging' branch; Version is '2020.2.6f1 (8a2143876886) revision 9052483'; Using compiler version '192528614'; Build Type 'Release'
OS: 'Windows 10 Pro; OS build 19042.985; Version 2009; 64bit' Language: 'pt' Physical Memory: 16318 MB
BatchMode: 1, IsHumanControllingUs: 0, StartBugReporterOnCrash: 0, Is64bit: 1, IsPro: 0

 COMMAND LINE ARGUMENTS:
C:\Program Files\Unity\Hub\Editor\2020.3.0f1\Editor\Unity.exe
-adb2
-batchMode
-noUpm
-name
AssetImportWorker0
-projectPath
C:/Users/jusky/Downloads/Metroidvania-main/Projeto
-logFile
Logs/AssetImportWorker0.log
-srvPort
64942
Successfully changed project path to: C:/Users/jusky/Downloads/Metroidvania-main/Projeto
C:/Users/jusky/Downloads/Metroidvania-main/Projeto
Using Asset Import Pipeline V2.
Refreshing native plugins compatible for Editor in 33.66 ms, found 1 plugins.
Preloading 0 native plugins for Editor in 0.00 ms.
Initialize engine version: 2020.2.6f1 (8a2143876886)
[Subsystems] Discovering subsystems at path C:/Program Files/Unity/Hub/Editor/2020.3.0f1/Editor/Data/Resources/UnitySubsystems
[Subsystems] Discovering subsystems at path C:/Users/jusky/Downloads/Metroidvania-main/Projeto/Assets
GfxDevice: creating device client; threaded=0
Direct3D:
    Version:  Direct3D 11.0 [level 11.1]
    Renderer: NVIDIA GeForce GTX 1650 (ID=0x2188)
    Vendor:   
    VRAM:     3962 MB
    Driver:   27.21.14.6647
Initialize mono
Mono path[0] = 'C:/Program Files/Unity/Hub/Editor/2020.3.0f1/Editor/Data/Managed'
Mono path[1] = 'C:/Program Files/Unity/Hub/Editor/2020.3.0f1/Editor/Data/MonoBleedingEdge/lib/mono/unityjit'
Mono config path = 'C:/Program Files/Unity/Hub/Editor/2020.3.0f1/Editor/Data/MonoBleedingEdge/etc'
Using monoOptions --debugger-agent=transport=dt_socket,embedding=1,server=y,suspend=n,address=127.0.0.1:56252
Begin MonoManager ReloadAssembly
Registering precompiled unity dll's ...
Register platform support module: C:/Program Files/Unity/Hub/Editor/2020.3.0f1/Editor/Data/PlaybackEngines/WindowsStandaloneSupport/UnityEditor.WindowsStandalone.Extensions.dll
Registered in 0.001723 seconds.
Native extension for WindowsStandalone target not found
Refreshing native plugins compatible for Editor in 32.51 ms, found 1 plugins.
Preloading 0 native plugins for Editor in 0.00 ms.
Invoked RoslynAnalysisRunner static constructor.
RoslynAnalysisRunner will not be running.
RoslynAnalysisRunner has terminated.
Mono: successfully reloaded assembly
- Completed reload, in  0.813 seconds
Platform modules already initialized, skipping
Registering precompiled user dll's ...
Registered in 0.000672 seconds.
Begin MonoManager ReloadAssembly
Native extension for WindowsStandalone target not found
Refreshing native plugins compatible for Editor in 33.98 ms, found 1 plugins.
Preloading 0 native plugins for Editor in 0.00 ms.
Invoked RoslynAnalysisRunner static constructor.
RoslynAnalysisRunner will not be running.
RoslynAnalysisRunner has terminated.
Mono: successfully reloaded assembly
- Completed reload, in  0.760 seconds
Platform modules already initialized, skipping
========================================================================
Worker process is ready to serve import requests
Launched and connected shader compiler UnityShaderCompiler.exe after 0.03 seconds
Refreshing native plugins compatible for Editor in 0.38 ms, found 1 plugins.
Preloading 0 native plugins for Editor in 0.00 ms.
Unloading 1809 Unused Serialized files (Serialized files now loaded: 0)
System memory in use before: 84.6 MB.
System memory in use after: 84.7 MB.

Unloading 19 unused Assets to reduce memory usage. Loaded Objects now: 2256.
Total: 1.780600 ms (FindLiveObjects: 0.255600 ms CreateObjectMapping: 0.043000 ms MarkObjects: 1.428500 ms  DeleteObjects: 0.052700 ms)

========================================================================
Received Import Request.
  path: Assets/Personagem/PNG/ataq p1
  artifactKey: Guid(aed37a84367c5fc489411030216f5ce7) Importer(815301076,1909f56bfc062723c751e8b465ee728b)
Start importing Assets/Personagem/PNG/ataq p1 using Guid(aed37a84367c5fc489411030216f5ce7) Importer(815301076,1909f56bfc062723c751e8b465ee728b)  -> (artifact id: '6e741955785526fd98c720528b551860') in 0.007933 seconds
  Import took 0.010282 seconds .

========================================================================
Received Import Request.
  Time since last request: 0.795004 seconds.
  path: Assets/Personagem/PNG/ataq p1/Idle7.png
  artifactKey: Guid(eb34ab13567a0ae40af8c51f9ba103bb) Importer(815301076,1909f56bfc062723c751e8b465ee728b)
Start importing Assets/Personagem/PNG/ataq p1/Idle7.png using Guid(eb34ab13567a0ae40af8c51f9ba103bb) Importer(815301076,1909f56bfc062723c751e8b465ee728b)  -> (artifact id: '8ab024ce1a72943e334766ee2c96626a') in 0.073616 seconds
  Import took 0.076390 seconds .

========================================================================
Received Import Request.
  Time since last request: 194.013643 seconds.
  path: Assets/Personagem/PNG/Materials/1.mat
  artifactKey: Guid(7ae5230ef77c30f4faed0b7acc7296a0) Importer(815301076,1909f56bfc062723c751e8b465ee728b)
Start importing Assets/Personagem/PNG/Materials/1.mat using Guid(7ae5230ef77c30f4faed0b7acc7296a0) Importer(815301076,1909f56bfc062723c751e8b465ee728b)  -> (artifact id: '0f18fc3fbf9e9dc0aace9ccaf4dac825') in 0.037431 seconds
  Import took 0.041083 seconds .

